This is pdfTeX, Version 3.14159265-2.6-1.40.21 (TeX Live 2020/W32TeX) (preloaded format=pdflatex 2020.12.5)  5 DEC 2020 18:24
entering extended mode
 restricted \write18 enabled.
 %&-line parsing enabled.
**Paper.tex
(./Paper.tex
LaTeX2e <2020-10-01> patch level 2
L3 programming layer <2020-12-03> xparse <2020-03-03>
(c:/Program Files/texlive/2020/texmf-dist/tex/latex/paper/paper.cls
Document Class: paper 2008/05/30 1.0l LaTeX document class (wm).
\hours=\count177
\minutes=\count178
(c:/Program Files/texlive/2020/texmf-dist/tex/latex/base/size10.clo
File: size10.clo 2020/04/10 v1.4m Standard LaTeX file (size option)
)
\beforetitlespace=\skip47
\c@part=\count179
\c@section=\count180
\c@subsection=\count181
\c@subsubsection=\count182
\c@paragraph=\count183
\c@subparagraph=\count184
\exampleindent=\skip48
\c@figure=\count185
\c@table=\count186
\abovecaptionskip=\skip49
\belowcaptionskip=\skip50
\bibindent=\dimen138
)
(c:/Program Files/texlive/2020/texmf-dist/tex/latex/graphics/graphicx.sty
Package: graphicx 2020/09/09 v1.2b Enhanced LaTeX Graphics (DPC,SPQR)

(c:/Program Files/texlive/2020/texmf-dist/tex/latex/graphics/keyval.sty
Package: keyval 2014/10/28 v1.15 key=value parser (DPC)
\KV@toks@=\toks15
)
(c:/Program Files/texlive/2020/texmf-dist/tex/latex/graphics/graphics.sty
Package: graphics 2020/08/30 v1.4c Standard LaTeX Graphics (DPC,SPQR)

(c:/Program Files/texlive/2020/texmf-dist/tex/latex/graphics/trig.sty
Package: trig 2016/01/03 v1.10 sin cos tan (DPC)
)
(c:/Program Files/texlive/2020/texmf-dist/tex/latex/graphics-cfg/graphics.cfg
File: graphics.cfg 2016/06/04 v1.11 sample graphics configuration
)
Package graphics Info: Driver file: pdftex.def on input line 105.

(c:/Program Files/texlive/2020/texmf-dist/tex/latex/graphics-def/pdftex.def
File: pdftex.def 2020/10/05 v1.2a Graphics/color driver for pdftex
))
\Gin@req@height=\dimen139
\Gin@req@width=\dimen140
)
(c:/Program Files/texlive/2020/texmf-dist/tex/latex/epstopdf-pkg/epstopdf.sty
Package: epstopdf 2020-01-24 v2.11 Conversion with epstopdf on the fly (HO)

(c:/Program Files/texlive/2020/texmf-dist/tex/generic/infwarerr/infwarerr.sty
Package: infwarerr 2019/12/03 v1.5 Providing info/warning/error messages (HO)
)
(c:/Program Files/texlive/2020/texmf-dist/tex/latex/grfext/grfext.sty
Package: grfext 2019/12/03 v1.3 Manage graphics extensions (HO)

(c:/Program Files/texlive/2020/texmf-dist/tex/generic/kvdefinekeys/kvdefinekeys
.sty
Package: kvdefinekeys 2019-12-19 v1.6 Define keys (HO)
))
(c:/Program Files/texlive/2020/texmf-dist/tex/latex/kvoptions/kvoptions.sty
Package: kvoptions 2020-10-07 v3.14 Key value format for package options (HO)

(c:/Program Files/texlive/2020/texmf-dist/tex/generic/ltxcmds/ltxcmds.sty
Package: ltxcmds 2020-05-10 v1.25 LaTeX kernel commands for general use (HO)
)
(c:/Program Files/texlive/2020/texmf-dist/tex/generic/kvsetkeys/kvsetkeys.sty
Package: kvsetkeys 2019/12/15 v1.18 Key value parser (HO)
))
(c:/Program Files/texlive/2020/texmf-dist/tex/generic/pdftexcmds/pdftexcmds.sty
Package: pdftexcmds 2020-06-27 v0.33 Utility functions of pdfTeX for LuaTeX (HO
)
(c:/Program Files/texlive/2020/texmf-dist/tex/generic/iftex/iftex.sty
Package: iftex 2020/03/06 v1.0d TeX engine tests
)
Package pdftexcmds Info: \pdf@primitive is available.
Package pdftexcmds Info: \pdf@ifprimitive is available.
Package pdftexcmds Info: \pdfdraftmode found.
)
(c:/Program Files/texlive/2020/texmf-dist/tex/latex/epstopdf-pkg/epstopdf-base.
sty
Package: epstopdf-base 2020-01-24 v2.11 Base part for package epstopdf
Package epstopdf-base Info: Redefining graphics rule for `.eps' on input line 4
85.
Package grfext Info: Graphics extension search list:
(grfext)             [.pdf,.png,.jpg,.mps,.jpeg,.jbig2,.jb2,.PDF,.PNG,.JPG,.JPE
G,.JBIG2,.JB2,.eps]
(grfext)             \AppendGraphicsExtensions on input line 504.

(c:/Program Files/texlive/2020/texmf-dist/tex/latex/latexconfig/epstopdf-sys.cf
g
File: epstopdf-sys.cfg 2010/07/13 v1.3 Configuration of (r)epstopdf for TeX Liv
e
))) (c:/Program Files/texlive/2020/texmf-dist/tex/latex/grffile/grffile.sty
Package: grffile 2019/11/11 v2.1 Extended file name support for graphics (legac
y)
Package grffile Info: This package is an empty stub for compatibility on input 
line 40.
)
(c:/Program Files/texlive/2020/texmf-dist/tex/latex/l3backend/l3backend-pdftex.
def
File: l3backend-pdftex.def 2020-09-24 L3 backend support: PDF output (pdfTeX)
\l__kernel_color_stack_int=\count187
\l__pdf_internal_box=\box47
) (./Paper.aux)
\openout1 = `Paper.aux'.

LaTeX Font Info:    Checking defaults for OML/cmm/m/it on input line 21.
LaTeX Font Info:    ... okay on input line 21.
LaTeX Font Info:    Checking defaults for OMS/cmsy/m/n on input line 21.
LaTeX Font Info:    ... okay on input line 21.
LaTeX Font Info:    Checking defaults for OT1/cmr/m/n on input line 21.
LaTeX Font Info:    ... okay on input line 21.
LaTeX Font Info:    Checking defaults for T1/cmr/m/n on input line 21.
LaTeX Font Info:    ... okay on input line 21.
LaTeX Font Info:    Checking defaults for TS1/cmr/m/n on input line 21.
LaTeX Font Info:    ... okay on input line 21.
LaTeX Font Info:    Checking defaults for OMX/cmex/m/n on input line 21.
LaTeX Font Info:    ... okay on input line 21.
LaTeX Font Info:    Checking defaults for U/cmr/m/n on input line 21.
LaTeX Font Info:    ... okay on input line 21.

(c:/Program Files/texlive/2020/texmf-dist/tex/context/base/mkii/supp-pdf.mkii
[Loading MPS to PDF converter (version 2006.09.02).]
\scratchcounter=\count188
\scratchdimen=\dimen141
\scratchbox=\box48
\nofMPsegments=\count189
\nofMParguments=\count190
\everyMPshowfont=\toks16
\MPscratchCnt=\count191
\MPscratchDim=\dimen142
\MPnumerator=\count192
\makeMPintoPDFobject=\count193
\everyMPtoPDFconversion=\toks17
)
Package epstopdf Info: Source file: <../Figures/HistogramCallsforAllNames.eps>
(epstopdf)                    date: 2020-12-05 18:24:24
(epstopdf)                    size: 7125 bytes
(epstopdf)             Output file: <../Figures/HistogramCallsforAllNames.pdf>
(epstopdf)             Command: <repstopdf ../Figures/HistogramCallsforAllNames
.eps>
(epstopdf)             \includegraphics on input line 34.
runsystem(repstopdf ../Figures/HistogramCallsforAllNames.eps)...executed safely
 (allowed).

Package epstopdf Info: Result file: <../Figures/HistogramCallsforAllNames.pdf>.



! Package pdftex.def Error: File `../Figures/HistogramCallsforAllNames.pdf' not
 found: using draft setting.

See the pdftex.def package documentation for explanation.
Type  H <return>  for immediate help.
 ...                                              
                                                  
l.34 ...{../Figures/HistogramCallsforAllNames.eps}
                                                  
? 
Package epstopdf Info: Source file: <../Figures/Histogram-CallsforCaucasianName
s.eps>
(epstopdf)                    date: 2020-12-05 18:24:24
(epstopdf)                    size: 7160 bytes
(epstopdf)             Output file: <../Figures/Histogram-CallsforCaucasianName
s.pdf>
(epstopdf)             Command: <repstopdf ../Figures/Histogram-CallsforCaucasi
anNames.eps>
(epstopdf)             \includegraphics on input line 42.
runsystem(repstopdf ../Figures/Histogram-CallsforCaucasianNames.eps)...executed
 safely (allowed).

Package epstopdf Info: Result file: <../Figures/Histogram-CallsforCaucasianName
s.pdf>.

! Package pdftex.def Error: File `../Figures/Histogram-CallsforCaucasianNames.p
df' not found: using draft setting.

See the pdftex.def package documentation for explanation.
Type  H <return>  for immediate help.
 ...                                              
                                                  
l.42 ...ures/Histogram-CallsforCaucasianNames.eps}
                                                  
? 
Package epstopdf Info: Source file: <../Figures/Histogram-CallsforAfricanAmeric
anNames.eps>
(epstopdf)                    date: 2020-12-05 18:24:24
(epstopdf)                    size: 7167 bytes
(epstopdf)             Output file: <../Figures/Histogram-CallsforAfricanAmeric
anNames.pdf>
(epstopdf)             Command: <repstopdf ../Figures/Histogram-CallsforAfrican
AmericanNames.eps>
(epstopdf)             \includegraphics on input line 50.
runsystem(repstopdf ../Figures/Histogram-CallsforAfricanAmericanNames.eps)...ex
ecuted safely (allowed).

Package epstopdf Info: Result file: <../Figures/Histogram-CallsforAfricanAmeric
anNames.pdf>.

! Package pdftex.def Error: File `../Figures/Histogram-CallsforAfricanAmericanN
ames.pdf' not found: using draft setting.

See the pdftex.def package documentation for explanation.
Type  H <return>  for immediate help.
 ...                                              
                                                  
l.50 ...istogram-CallsforAfricanAmericanNames.eps}
                                                  
? 
! I can't write on file `Paper.pdf'.
(Press Enter to retry, or Control-Z to exit; default file extension is `.pdf')
Please type another file name for output: 
! I can't write on file `Paper.pdf'.
(Press Enter to retry, or Control-Z to exit; default file extension is `.pdf')
Please type another file name for output: 
! I can't write on file `Paper.pdf'.
(Press Enter to retry, or Control-Z to exit; default file extension is `.pdf')
Please type another file name for output: 
! I can't write on file `Paper.pdf'.
(Press Enter to retry, or Control-Z to exit; default file extension is `.pdf')
Please type another file name for output: 
! I can't write on file `Paper.pdf'.
(Press Enter to retry, or Control-Z to exit; default file extension is `.pdf')
Please type another file name for output: 
[1{c:/Program Files/texlive/2020/texmf-var/fonts/map/pdftex/updmap/pdftex.map}

] [2] [3] (../Tables/summary1.tex
LaTeX Font Info:    External font `cmex10' loaded for size
(Font)              <7> on input line 5.
LaTeX Font Info:    External font `cmex10' loaded for size
(Font)              <5> on input line 5.

Overfull \hbox (65.44542pt too wide) in paragraph at lines 5--18
 [][] 
 []

) (../Tables/summary2.tex
Overfull \hbox (21.83412pt too wide) in paragraph at lines 5--18
 [][] 
 []

) (../Tables/summary3.tex
Overfull \hbox (96.47311pt too wide) in paragraph at lines 5--18
 [][] 
 []

)
Package epstopdf Info: Source file: <../Figures/Histogram - Names, Caucasian.ep
s>
(epstopdf)                    date: 2020-12-05 18:24:26
(epstopdf)                    size: 9322 bytes
(epstopdf)             Output file: <../Figures/Histogram - Names, Caucasian.pd
f>
(epstopdf)             Command: <repstopdf ../Figures/Histogram - Names, Caucas
ian.eps>
(epstopdf)             \includegraphics on input line 76.
runsystem(repstopdf ../Figures/Histogram - Names, Caucasian.eps)...executed saf
ely (allowed).

Package epstopdf Info: Result file: <../Figures/Histogram - Names, Caucasian.pd
f>.


! Package pdftex.def Error: File `../Figures/Histogram - Names, Caucasian.pdf' 
not found: using draft setting.

See the pdftex.def package documentation for explanation.
Type  H <return>  for immediate help.
 ...                                              
                                                  
l.76 .../Figures/Histogram - Names, Caucasian.eps}
                                                  
? 

LaTeX Warning: File `../Figures/Histogram - Names, African Americans.eps' not f
ound on input line 84.

Package epstopdf Info: Source file: <../Figures/Histogram - Names, African Amer
icans.eps>
(epstopdf)             Output file: <../Figures/Histogram - Names, African Amer
icans.pdf>
(epstopdf)             Command: <repstopdf ../Figures/Histogram - Names, Africa
n Americans.eps>
(epstopdf)             \includegraphics on input line 84.
Package epstopdf Info: Output file is already uptodate.

! Package pdftex.def Error: File `../Figures/Histogram - Names, African America
ns.pdf' not found: using draft setting.

See the pdftex.def package documentation for explanation.
Type  H <return>  for immediate help.
 ...                                              
                                                  
l.84 .../Histogram - Names, African Americans.eps}
                                                  
? 
Package epstopdf Info: Source file: <../Figures/Histogram - Names, Male.eps>
(epstopdf)                    date: 2020-12-05 18:24:26
(epstopdf)                    size: 9270 bytes
(epstopdf)             Output file: <../Figures/Histogram - Names, Male.pdf>
(epstopdf)             Command: <repstopdf ../Figures/Histogram - Names, Male.e
ps>
(epstopdf)             \includegraphics on input line 92.
runsystem(repstopdf ../Figures/Histogram - Names, Male.eps)...executed safely (
allowed).

Package epstopdf Info: Result file: <../Figures/Histogram - Names, Male.pdf>.

! Package pdftex.def Error: File `../Figures/Histogram - Names, Male.pdf' not f
ound: using draft setting.

See the pdftex.def package documentation for explanation.
Type  H <return>  for immediate help.
 ...                                              
                                                  
l.92 ...h]{../Figures/Histogram - Names, Male.eps}
                                                  
? 
Package epstopdf Info: Source file: <../Figures/Histogram - Names, Female.eps>
(epstopdf)                    date: 2020-12-05 18:24:26
(epstopdf)                    size: 9381 bytes
(epstopdf)             Output file: <../Figures/Histogram - Names, Female.pdf>
(epstopdf)             Command: <repstopdf ../Figures/Histogram - Names, Female
.eps>
(epstopdf)             \includegraphics on input line 100.
runsystem(repstopdf ../Figures/Histogram - Names, Female.eps)...executed safely
 (allowed).

Package epstopdf Info: Result file: <../Figures/Histogram - Names, Female.pdf>.


! Package pdftex.def Error: File `../Figures/Histogram - Names, Female.pdf' not
 found: using draft setting.

See the pdftex.def package documentation for explanation.
Type  H <return>  for immediate help.
 ...                                              
                                                  
l.100 ...../Figures/Histogram - Names, Female.eps}
                                                  
? 
(../Tables/SampleData.tex
Overfull \hbox (602.77954pt too wide) in paragraph at lines 5--218
 [][] 
 []


LaTeX Warning: Float too large for page by 1965.14442pt on input line 220.

) (../Tables/Model_Summary.tex
Overfull \hbox (43.0841pt too wide) in paragraph at lines 5--48
 [][] 
 []

[4] [5] [6] [7] [8]) (../Text/Regression_Analysis.tex)
(../Text/Explanation_of_Variables.tex) [9] [10] [11] (./Paper.aux) ) 
Here is how much of TeX's memory you used:
 1913 strings out of 479383
 31167 string characters out of 5873320
 634276 words of memory out of 5000000
 18981 multiletter control sequences out of 15000+600000
 405407 words of font info for 34 fonts, out of 8000000 for 9000
 1141 hyphenation exceptions out of 8191
 66i,8n,72p,602b,261s stack positions out of 5000i,500n,10000p,200000b,80000s
<c:/Program
 Files/texlive/2020/texmf-dist/fonts/type1/public/amsfonts/cm/cmmi10.pfb><c:/Pr
ogram Files/texlive/2020/texmf-dist/fonts/type1/public/amsfonts/cm/cmr10.pfb><c
:/Program Files/texlive/2020/texmf-dist/fonts/type1/public/amsfonts/cm/cmr9.pfb
><c:/Program Files/texlive/2020/texmf-dist/fonts/type1/public/amsfonts/cm/cmss1
0.pfb><c:/Program Files/texlive/2020/texmf-dist/fonts/type1/public/amsfonts/cm/
cmss9.pfb><c:/Program Files/texlive/2020/texmf-dist/fonts/type1/public/amsfonts
/cm/cmssbx10.pfb><c:/Program Files/texlive/2020/texmf-dist/fonts/type1/public/a
msfonts/cm/cmsy10.pfb><c:/Program Files/texlive/2020/texmf-dist/fonts/type1/pub
lic/amsfonts/cm/cmtt10.pfb>
Output written on Paper.pdf (11 pages, 102878 bytes).
PDF statistics:
 72 PDF objects out of 1000 (max. 8388607)
 50 compressed objects within 1 object stream
 0 named destinations out of 1000 (max. 500000)
 1 words of extra memory for PDF output out of 10000 (max. 10000000)

