package 'xtable' successfully unpacked and MD5 sums checked

The downloaded binary packages are in
	C:\Users\jorda\AppData\Local\Temp\RtmpgPwJbl\downloaded_packages
package 'texreg' successfully unpacked and MD5 sums checked

The downloaded binary packages are in
	C:\Users\jorda\AppData\Local\Temp\RtmpgPwJbl\downloaded_packages
package 'tinytex' successfully unpacked and MD5 sums checked

The downloaded binary packages are in
	C:\Users\jorda\AppData\Local\Temp\RtmpgPwJbl\downloaded_packages
[1] "C:/Users/jorda/OneDrive/Documents/UCF/QMB6358/QMB6358F20-JSM/Term Project/Data"
package 'dplyr' successfully unpacked and MD5 sums checked

The downloaded binary packages are in
	C:\Users\jorda\AppData\Local\Temp\RtmpgPwJbl\downloaded_packages
pdf 
  2 
pdf 
  2 
pdf 
  2 
'data.frame':	4870 obs. of  17 variables:
 $ name      : Factor w/ 36 levels "Aisha","Allison",..: 2 21 22 23 7 15 17 20 23 36 ...
 $ gender    : Factor w/ 2 levels "female","male": 1 1 1 1 1 2 1 1 1 2 ...
 $ ethnicity : Factor w/ 2 levels "afam","cauc": 2 2 1 1 2 2 2 1 1 1 ...
 $ quality   : Factor w/ 2 levels "high","low": 2 1 2 1 1 2 1 1 2 1 ...
 $ city      : Factor w/ 2 levels "boston","chicago": 2 2 2 2 2 2 2 2 2 2 ...
 $ jobs      : int  2 3 1 4 3 2 2 4 3 2 ...
 $ experience: int  6 6 6 6 22 6 5 21 3 6 ...
 $ holes     : Factor w/ 2 levels "no","yes": 2 1 1 2 1 1 1 2 1 1 ...
 $ computer  : Factor w/ 2 levels "no","yes": 2 2 2 2 2 1 2 2 2 1 ...
 $ college   : Factor w/ 2 levels "no","yes": 2 1 2 1 1 2 2 1 2 2 ...
 $ minimum   : Factor w/ 13 levels "0","0.5","1",..: 8 8 8 8 13 12 12 13 12 12 ...
 $ equal     : Factor w/ 2 levels "no","yes": 2 2 2 2 2 2 2 2 2 2 ...
 $ wanted    : Factor w/ 6 levels "manager","office support",..: 6 6 6 6 5 3 3 5 3 3 ...
 $ reqexp    : Factor w/ 2 levels "no","yes": 2 2 2 2 2 1 1 2 1 1 ...
 $ reqeduc   : Factor w/ 2 levels "no","yes": 1 1 1 1 1 1 1 1 1 1 ...
 $ reqcomp   : Factor w/ 2 levels "no","yes": 2 2 2 2 2 1 1 2 1 1 ...
 $ industry  : Factor w/ 7 levels "business/personal services",..: 4 4 4 4 3 5 5 3 5 5 ...
      name         gender     ethnicity   quality          city     
 Tamika : 256   female:3746   afam:2435   high:2446   boston :2166  
 Anne   : 242   male  :1124   cauc:2435   low :2424   chicago:2704  
 Allison: 232                                                       
 Latonya: 230                                                       
 Emily  : 227                                                       
 Latoya : 226                                                       
 (Other):3457                                                       
      jobs      
 Min.   :1.000  
 1st Qu.:3.000  
 Median :4.000  
 Mean   :3.661  
 3rd Qu.:4.000  
 Max.   :7.000  
                
% latex table generated in R 3.6.1 by xtable 1.8-4 package
% Sat Dec 05 18:24:24 2020
\begin{table}[ht]
\centering
\begin{tabular}{rllllll}
  \hline
 &      name &    gender & ethnicity & quality &      city &      jobs \\ 
  \hline
X & Tamika : 256   & female:3746   & afam:2435   & high:2446   & boston :2166   & Min.   :1.000   \\ 
  X.1 & Anne   : 242   & male  :1124   & cauc:2435   & low :2424   & chicago:2704   & 1st Qu.:3.000   \\ 
  X.2 & Allison: 232   &  &  &  &  & Median :4.000   \\ 
  X.3 & Latonya: 230   &  &  &  &  & Mean   :3.661   \\ 
  X.4 & Emily  : 227   &  &  &  &  & 3rd Qu.:4.000   \\ 
  X.5 & Latoya : 226   &  &  &  &  & Max.   :7.000   \\ 
  X.6 & (Other):3457   &  &  &  &  &  \\ 
   \hline
\end{tabular}
\caption{Summary of Variables - 1} 
\label{tab:summary1}
\end{table}
   experience     holes      computer   college    equal         minimum    
 Min.   : 1.000   no :2688   no : 874   no :1366   no :3452   none   :2746  
 1st Qu.: 5.000   yes:2182   yes:3996   yes:3504   yes:1418   some   :1064  
 Median : 6.000                                               2      : 356  
 Mean   : 7.843                                               3      : 331  
 3rd Qu.: 9.000                                               5      : 163  
 Max.   :44.000                                               1      : 142  
                                                              (Other):  68  
% latex table generated in R 3.6.1 by xtable 1.8-4 package
% Sat Dec 05 18:24:24 2020
\begin{table}[ht]
\centering
\begin{tabular}{rllllll}
  \hline
 &   experience & holes & computer & college & equal &    minimum \\ 
  \hline
X & Min.   : 1.000   & no :2688   & no : 874   & no :1366   & no :3452   & none   :2746   \\ 
  X.1 & 1st Qu.: 5.000   & yes:2182   & yes:3996   & yes:3504   & yes:1418   & some   :1064   \\ 
  X.2 & Median : 6.000   &  &  &  &  & 2      : 356   \\ 
  X.3 & Mean   : 7.843   &  &  &  &  & 3      : 331   \\ 
  X.4 & 3rd Qu.: 9.000   &  &  &  &  & 5      : 163   \\ 
  X.5 & Max.   :44.000   &  &  &  &  & 1      : 142   \\ 
  X.6 &  &  &  &  &  & (Other):  68   \\ 
   \hline
\end{tabular}
\caption{Summary of Variables - 2} 
\label{tab:summary2}
\end{table}
            wanted     reqexp     reqeduc    reqcomp   
 manager       : 741   no :2750   no :4350   no :2741  
 office support: 578   yes:2120   yes: 520   yes:2129  
 other         : 736                                   
 retail sales  : 818                                   
 secretary     :1621                                   
 supervisor    : 376                                   
                                                       
                             industry   
 business/personal services      :1304  
 finance/insurance/real estate   : 414  
 health/education/social services: 754  
 manufacturing                   : 404  
 trade                           :1042  
 transport/communication         : 148  
 unknown                         : 804  
% latex table generated in R 3.6.1 by xtable 1.8-4 package
% Sat Dec 05 18:24:24 2020
\begin{table}[ht]
\centering
\begin{tabular}{rlllll}
  \hline
 &            wanted & reqexp & reqeduc & reqcomp &                             industry \\ 
  \hline
X & manager       : 741   & no :2750   & no :4350   & no :2741   & business/personal services      :1304   \\ 
  X.1 & office support: 578   & yes:2120   & yes: 520   & yes:2129   & finance/insurance/real estate   : 414   \\ 
  X.2 & other         : 736   &  &  &  & health/education/social services: 754   \\ 
  X.3 & retail sales  : 818   &  &  &  & manufacturing                   : 404   \\ 
  X.4 & secretary     :1621   &  &  &  & trade                           :1042   \\ 
  X.5 & supervisor    : 376   &  &  &  & transport/communication         : 148   \\ 
  X.6 &  &  &  &  & unknown                         : 804   \\ 
   \hline
\end{tabular}
\caption{Summary of Variables - 3} 
\label{tab:summary3}
\end{table}
package 'wesanderson' successfully unpacked and MD5 sums checked

The downloaded binary packages are in
	C:\Users\jorda\AppData\Local\Temp\RtmpgPwJbl\downloaded_packages
pdf 
  2 
pdf 
  2 
pdf 
  2 
pdf 
  2 
% latex table generated in R 3.6.1 by xtable 1.8-4 package
% Sat Dec 05 18:24:26 2020
\begin{table}[ht]
\centering
\begin{tabular}{rllllrlrrllllllllll}
  \hline
 & name & gender & ethnicity & quality & call & city & jobs & experience & holes & computer & college & minimum & equal & wanted & reqexp & reqeduc & reqcomp & industry \\ 
  \hline
127 & Tanisha & female & afam & high & 1.00 & chicago &   1 &   9 & no & yes & yes & some & no & supervisor & yes & no & no & trade \\ 
  171 & Tanisha & female & afam & low & 0.00 & chicago &   2 &   6 & no & yes & no & none & no & office support & no & no & yes & manufacturing \\ 
  172 & Tanisha & female & afam & low & 1.00 & chicago &   3 &  11 & yes & yes & no & none & yes & other & no & no & no & business/personal services \\ 
  198 & Tanisha & female & afam & high & 0.00 & boston &   4 &  14 & no & yes & yes & 3 & yes & manager & yes & yes & no & manufacturing \\ 
  199 & Tanisha & female & afam & high & 0.00 & boston &   6 &   8 & no & yes & yes & some & no & retail sales & yes & no & no & unknown \\ 
  224 & Tanisha & female & afam & high & 0.00 & chicago &   3 &  10 & no & yes & yes & some & no & secretary & yes & no & yes & business/personal services \\ 
  232 & Tanisha & female & afam & high & 0.00 & chicago &   4 &  21 & yes & yes & yes & 1 & no & office support & yes & no & no & business/personal services \\ 
  236 & Tanisha & female & afam & high & 0.00 & chicago &   3 &   5 & no & yes & no & 2 & no & secretary & yes & no & yes & health/education/social services \\ 
  254 & Tanisha & female & afam & low & 0.00 & chicago &   2 &  13 & yes & yes & yes & 3 & no & secretary & yes & yes & yes & unknown \\ 
  320 & Tanisha & female & afam & high & 0.00 & chicago &   3 &   6 & no & yes & no & 3 & no & secretary & yes & no & yes & business/personal services \\ 
  376 & Tanisha & female & afam & high & 0.00 & boston &   6 &   8 & no & yes & yes & none & no & retail sales & no & no & no & unknown \\ 
  394 & Tanisha & female & afam & low & 0.00 & boston &   2 &   1 & yes & yes & no & none & no & office support & no & no & yes & unknown \\ 
  420 & Tanisha & female & afam & low & 0.00 & boston &   3 &   7 & yes & yes & no & none & no & secretary & no & no & no & unknown \\ 
  436 & Tanisha & female & afam & high & 0.00 & boston &   6 &  16 & no & yes & no & none & no & secretary & no & no & yes & business/personal services \\ 
  472 & Tanisha & female & afam & low & 0.00 & chicago &   4 &  11 & no & yes & no & none & no & secretary & no & no & no & health/education/social services \\ 
  488 & Tanisha & female & afam & low & 0.00 & chicago &   4 &   4 & yes & yes & yes & 2 & no & secretary & yes & no & yes & business/personal services \\ 
  492 & Tanisha & female & afam & low & 0.00 & chicago &   2 &  10 & yes & yes & yes & none & no & supervisor & no & yes & yes & health/education/social services \\ 
  504 & Tanisha & female & afam & low & 0.00 & chicago &   2 &   6 & no & yes & yes & none & yes & office support & no & no & yes & manufacturing \\ 
  520 & Tanisha & female & afam & low & 0.00 & chicago &   4 &   6 & no & yes & no & none & no & secretary & no & no & no & finance/insurance/real estate \\ 
  570 & Tanisha & female & afam & low & 0.00 & boston &   3 &   8 & yes & no & no & 2 & no & other & yes & no & no & trade \\ 
  592 & Tanisha & female & afam & low & 0.00 & boston &   5 &  13 & no & yes & no & some & no & office support & yes & no & no & business/personal services \\ 
  600 & Tanisha & female & afam & low & 0.00 & boston &   5 &  13 & no & yes & no & none & no & office support & no & no & yes & health/education/social services \\ 
  604 & Tanisha & female & afam & high & 0.00 & boston &   4 &  18 & yes & yes & no & none & no & manager & no & no & no & business/personal services \\ 
  654 & Tanisha & female & afam & high & 0.00 & chicago &   4 &  11 & no & yes & yes & none & yes & secretary & no & no & yes & health/education/social services \\ 
  666 & Tanisha & female & afam & low & 0.00 & chicago &   2 &   3 & no & yes & yes & some & no & secretary & yes & no & yes & trade \\ 
  674 & Tanisha & female & afam & high & 0.00 & chicago &   4 &   5 & no & yes & yes & none & no & office support & no & no & yes & business/personal services \\ 
  682 & Tanisha & female & afam & low & 0.00 & chicago &   4 &   7 & no & yes & yes & none & yes & supervisor & no & no & no & trade \\ 
  694 & Tanisha & female & afam & high & 0.00 & chicago &   3 &   5 & yes & yes & yes & none & no & supervisor & no & no & yes & unknown \\ 
  723 & Tanisha & female & afam & low & 0.00 & boston &   3 &  10 & yes & no & no & none & no & other & no & no & no & trade \\ 
  724 & Tanisha & female & afam & high & 0.00 & boston &   4 &   2 & no & yes & yes & some & no & other & yes & no & no & unknown \\ 
  730 & Tanisha & female & afam & low & 0.00 & boston &   5 &  13 & yes & yes & no & some & no & secretary & yes & no & no & health/education/social services \\ 
  738 & Tanisha & female & afam & high & 0.00 & boston &   5 &  19 & no & no & no & some & no & office support & yes & no & no & business/personal services \\ 
  760 & Tanisha & female & afam & low & 0.00 & chicago &   4 &  11 & yes & yes & yes & none & no & other & no & no & no & business/personal services \\ 
  786 & Tanisha & female & afam & low & 0.00 & chicago &   5 &   6 & yes & yes & yes & none & no & secretary & no & no & no & business/personal services \\ 
  804 & Tanisha & female & afam & low & 0.00 & chicago &   2 &  15 & no & yes & yes & none & no & secretary & no & no & yes & unknown \\ 
  824 & Tanisha & female & afam & high & 0.00 & chicago &   3 &   5 & no & yes & no & none & no & secretary & no & no & yes & finance/insurance/real estate \\ 
  876 & Tanisha & female & afam & low & 0.00 & boston &   5 &   5 & yes & no & no & none & no & supervisor & no & no & yes & health/education/social services \\ 
  883 & Tanisha & female & afam & low & 0.00 & boston &   3 &   7 & yes & no & yes & none & yes & retail sales & no & no & no & manufacturing \\ 
  906 & Tanisha & female & afam & low & 0.00 & chicago &   4 &  15 & yes & yes & yes & none & no & office support & no & no & yes & business/personal services \\ 
  914 & Tanisha & female & afam & low & 0.00 & chicago &   2 &  11 & yes & yes & no & some & no & secretary & yes & no & no & finance/insurance/real estate \\ 
  968 & Tanisha & female & afam & low & 0.00 & chicago &   4 &   6 & yes & yes & yes & 3 & yes & secretary & yes & no & yes & business/personal services \\ 
  972 & Tanisha & female & afam & high & 0.00 & chicago &   5 &   8 & yes & yes & yes & some & no & secretary & yes & no & yes & business/personal services \\ 
  1034 & Tanisha & female & afam & high & 0.00 & boston &   6 &   8 & no & yes & yes & none & no & other & no & no & no & manufacturing \\ 
  1066 & Tanisha & female & afam & high & 0.00 & chicago &   4 &   8 & yes & yes & yes & 3 & no & secretary & yes & yes & no & finance/insurance/real estate \\ 
  1070 & Tanisha & female & afam & high & 0.00 & chicago &   3 &   6 & no & yes & yes & 1 & no & manager & yes & no & no & business/personal services \\ 
  1074 & Tanisha & female & afam & low & 0.00 & chicago &   4 &   6 & no & yes & no & none & no & office support & no & no & yes & business/personal services \\ 
  1102 & Tanisha & female & afam & high & 0.00 & chicago &   4 &   6 & yes & yes & yes & some & no & secretary & yes & no & yes & health/education/social services \\ 
  1118 & Tanisha & female & afam & low & 0.00 & chicago &   2 &  14 & no & yes & yes & 3 & yes & secretary & yes & no & yes & business/personal services \\ 
  1170 & Tanisha & female & afam & high & 0.00 & boston &   5 &  26 & yes & yes & no & none & no & secretary & no & no & no & health/education/social services \\ 
  1178 & Tanisha & female & afam & high & 0.00 & boston &   3 &   7 & yes & yes & yes & none & no & secretary & no & no & yes & business/personal services \\ 
  1186 & Tanisha & female & afam & high & 0.00 & boston &   6 &  16 & yes & yes & no & some & no & secretary & yes & no & no & business/personal services \\ 
  1206 & Tanisha & female & afam & low & 0.00 & chicago &   3 &   6 & yes & yes & yes & none & no & office support & no & no & no & business/personal services \\ 
  1218 & Tanisha & female & afam & high & 0.00 & chicago &   4 &   6 & yes & yes & no & none & no & secretary & no & no & yes & transport/communication \\ 
  1222 & Tanisha & female & afam & low & 0.00 & chicago &   4 &   6 & no & yes & no & none & no & secretary & no & no & no & business/personal services \\ 
  1226 & Tanisha & female & afam & low & 0.00 & chicago &   3 &   8 & yes & yes & no & some & yes & retail sales & yes & no & no & manufacturing \\ 
  1240 & Tanisha & female & afam & high & 0.00 & chicago &   4 &   7 & no & yes & yes & 5 & no & supervisor & yes & no & yes & trade \\ 
  1280 & Tanisha & female & afam & low & 0.00 & boston &   3 &   4 & yes & yes & no & none & no & secretary & no & no & no & business/personal services \\ 
  1320 & Tanisha & female & afam & high & 0.00 & chicago &   3 &   4 & no & yes & no & none & no & secretary & no & no & yes & health/education/social services \\ 
  1330 & Tanisha & female & afam & low & 0.00 & chicago &   4 &  11 & yes & no & yes & none & no & office support & no & no & yes & trade \\ 
  1334 & Tanisha & female & afam & low & 1.00 & chicago &   2 &   7 & yes & yes & yes & 3 & no & office support & yes & no & no & unknown \\ 
  1342 & Tanisha & female & afam & high & 0.00 & chicago &   4 &   6 & yes & yes & no & none & no & office support & no & no & yes & unknown \\ 
  1374 & Tanisha & female & afam & high & 0.00 & chicago &   4 &  11 & yes & yes & no & some & yes & supervisor & yes & no & yes & unknown \\ 
  1410 & Tanisha & female & afam & low & 1.00 & boston &   3 &   4 & yes & yes & no & none & no & secretary & no & no & yes & health/education/social services \\ 
  1414 & Tanisha & female & afam & high & 0.00 & boston &   1 &   5 & no & yes & yes & none & no & office support & no & no & yes & manufacturing \\ 
  1430 & Tanisha & female & afam & high & 0.00 & boston &   6 &   9 & yes & yes & yes & none & no & secretary & no & no & yes & health/education/social services \\ 
  1442 & Tanisha & female & afam & low & 0.00 & boston &   6 &   7 & yes & no & yes & none & no & secretary & no & no & no & business/personal services \\ 
  1446 & Tanisha & female & afam & high & 0.00 & boston &   3 &   8 & yes & yes & yes & none & no & secretary & no & no & yes & business/personal services \\ 
  1552 & Tanisha & female & afam & low & 0.00 & boston &   3 &   7 & yes & yes & no & none & no & secretary & no & no & no & health/education/social services \\ 
  1604 & Tanisha & female & afam & low & 0.00 & chicago &   3 &   5 & yes & yes & yes & none & no & office support & no & no & yes & manufacturing \\ 
  1680 & Tanisha & female & afam & high & 0.00 & boston &   6 &   8 & no & yes & yes & none & no & other & no & no & yes & business/personal services \\ 
  1686 & Tanisha & female & afam & low & 0.00 & boston &   6 &   7 & yes & no & yes & none & no & supervisor & no & no & no & business/personal services \\ 
  1710 & Tanisha & female & afam & high & 0.00 & boston &   5 &   9 & yes & yes & yes & none & no & office support & no & no & no & business/personal services \\ 
  1714 & Tanisha & female & afam & high & 0.00 & boston &   5 &  26 & yes & yes & no & some & no & secretary & yes & no & yes & trade \\ 
  1732 & Tanisha & female & afam & high & 0.00 & chicago &   2 &  12 & no & yes & no & none & no & secretary & no & no & yes & business/personal services \\ 
  1740 & Tanisha & female & afam & low & 0.00 & chicago &   2 &  11 & yes & yes & yes & 10 & yes & supervisor & yes & yes & yes & business/personal services \\ 
  1752 & Tanisha & female & afam & high & 0.00 & chicago &   4 &   9 & yes & yes & yes & none & no & supervisor & no & no & yes & business/personal services \\ 
  1788 & Tanisha & female & afam & low & 0.00 & chicago &   3 &   7 & yes & yes & no & 3 & yes & supervisor & yes & no & no & health/education/social services \\ 
  1799 & Tanisha & female & afam & high & 0.00 & chicago &   2 &   5 & yes & no & yes & none & no & retail sales & no & no & no & trade \\ 
  1814 & Tanisha & female & afam & high & 0.00 & chicago &   4 &   6 & no & yes & yes & none & yes & manager & no & yes & yes & business/personal services \\ 
  1836 & Tanisha & female & afam & low & 0.00 & chicago &   3 &   5 & yes & yes & no & 4 & yes & supervisor & yes & no & yes & unknown \\ 
  1842 & Tanisha & female & afam & high & 0.00 & chicago &   3 &  16 & no & yes & no & none & no & office support & no & no & yes & business/personal services \\ 
  1860 & Tanisha & female & afam & low & 0.00 & chicago &   4 &  11 & yes & yes & yes & none & no & secretary & no & no & yes & unknown \\ 
  1934 & Tanisha & female & afam & low & 0.00 & chicago &   1 &  13 & yes & yes & no & none & no & office support & no & no & no & business/personal services \\ 
  1944 & Tanisha & female & afam & high & 0.00 & chicago &   3 &  22 & no & yes & no & none & no & office support & no & no & no & manufacturing \\ 
  1948 & Tanisha & female & afam & low & 0.00 & chicago &   2 &  19 & yes & yes & yes & none & no & secretary & no & no & yes & health/education/social services \\ 
  2001 & Tanisha & female & afam & high & 0.00 & boston &   4 &   2 & no & yes & yes & some & no & other & yes & no & no & trade \\ 
  2008 & Tanisha & female & afam & low & 0.00 & boston &   3 &   7 & yes & yes & no & none & no & secretary & no & no & no & health/education/social services \\ 
  2020 & Tanisha & female & afam & high & 0.00 & boston &   2 &   6 & yes & yes & yes & none & no & other & no & no & no & unknown \\ 
  2032 & Tanisha & female & afam & high & 0.00 & chicago &   3 &  21 & yes & yes & no & none & no & secretary & no & no & no & trade \\ 
  2092 & Tanisha & female & afam & low & 0.00 & boston &   4 &  11 & yes & yes & yes & some & no & secretary & yes & no & yes & health/education/social services \\ 
  2096 & Tanisha & female & afam & low & 0.00 & boston &   2 &   2 & yes & no & no & none & yes & secretary & no & no & no & trade \\ 
  2116 & Tanisha & female & afam & low & 0.00 & chicago &   3 &   8 & yes & yes & no & 2 & no & secretary & yes & no & yes & unknown \\ 
  2124 & Tanisha & female & afam & low & 0.00 & chicago &   4 &   6 & yes & yes & yes & none & no & office support & no & no & no & health/education/social services \\ 
  2187 & Tanisha & female & afam & low & 0.00 & boston &   4 &   6 & no & yes & yes & none & yes & other & no & no & no & unknown \\ 
  2188 & Tanisha & female & afam & high & 0.00 & boston &   4 &   2 & no & yes & yes & none & no & other & no & no & no & manufacturing \\ 
  2196 & Tanisha & female & afam & high & 0.00 & boston &   1 &   5 & no & yes & yes & none & yes & secretary & no & yes & yes & health/education/social services \\ 
  2256 & Tanisha & female & afam & low & 1.00 & chicago &   4 &   2 & yes & yes & yes & none & no & secretary & no & no & yes & health/education/social services \\ 
  2264 & Tanisha & female & afam & low & 0.00 & chicago &   2 &  14 & no & yes & yes & none & no & secretary & no & yes & yes & unknown \\ 
  2299 & Tanisha & female & afam & high & 0.00 & boston &   4 &   2 & no & yes & yes & none & no & other & no & no & no & trade \\ 
  2316 & Tanisha & female & afam & high & 0.00 & boston &   5 &  19 & no & no & no & none & no & supervisor & no & no & no & health/education/social services \\ 
  2376 & Tanisha & female & afam & high & 1.00 & boston &   4 &  13 & yes & yes & yes & 5 & yes & secretary & yes & yes & no & health/education/social services \\ 
  2426 & Tanisha & female & afam & high & 0.00 & chicago &   4 &   7 & no & yes & yes & 5 & no & secretary & yes & no & yes & business/personal services \\ 
  2430 & Tanisha & female & afam & low & 0.00 & chicago &   2 &   4 & no & yes & yes & some & no & secretary & yes & no & yes & unknown \\ 
  2470 & Tanisha & female & afam & high & 1.00 & boston &   5 &   9 & yes & yes & yes & none & no & secretary & no & no & yes & business/personal services \\ 
  2538 & Tanisha & female & afam & low & 0.00 & boston &   3 &   4 & yes & yes & no & none & no & supervisor & no & no & yes & business/personal services \\ 
  2550 & Tanisha & female & afam & high & 1.00 & boston &   5 &  14 & yes & yes & yes & none & no & secretary & no & no & no & health/education/social services \\ 
  2554 & Tanisha & female & afam & high & 0.00 & boston &   4 &   4 & no & yes & yes & none & no & other & no & no & no & unknown \\ 
  2593 & Tanisha & female & afam & low & 0.00 & boston &   4 &   6 & no & yes & yes & 2 & no & other & yes & yes & no & manufacturing \\ 
  2594 & Tanisha & female & afam & low & 0.00 & boston &   3 &   7 & yes & no & yes & none & no & other & no & no & no & manufacturing \\ 
  2595 & Tanisha & female & afam & high & 0.00 & boston &   7 &   5 & no & yes & yes & 2 & no & retail sales & yes & no & no & business/personal services \\ 
  2604 & Tanisha & female & afam & low & 0.00 & boston &   5 &  13 & yes & yes & no & none & no & office support & no & no & yes & finance/insurance/real estate \\ 
  2620 & Tanisha & female & afam & high & 0.00 & boston &   5 &  19 & no & no & no & none & no & supervisor & no & no & no & health/education/social services \\ 
  2628 & Tanisha & female & afam & high & 1.00 & boston &   6 &  16 & no & yes & no & none & no & office support & no & no & yes & health/education/social services \\ 
  2674 & Tanisha & female & afam & high & 0.00 & boston &   1 &   5 & no & yes & yes & none & no & office support & no & no & yes & business/personal services \\ 
  2704 & Tanisha & female & afam & low & 0.00 & chicago &   4 &   6 & no & yes & yes & 3 & yes & secretary & yes & yes & yes & health/education/social services \\ 
  2736 & Tanisha & female & afam & low & 0.00 & boston &   2 &   2 & yes & no & no & none & no & secretary & no & no & no & business/personal services \\ 
  2740 & Tanisha & female & afam & low & 0.00 & boston &   5 &   4 & yes & yes & no & none & no & office support & no & no & no & unknown \\ 
  2744 & Tanisha & female & afam & high & 0.00 & boston &   5 &   9 & yes & yes & yes & none & no & office support & no & no & yes & business/personal services \\ 
  2776 & Tanisha & female & afam & low & 0.00 & chicago &   2 &   4 & yes & yes & yes & 3 & no & manager & yes & no & yes & unknown \\ 
  2780 & Tanisha & female & afam & high & 0.00 & chicago &   3 &  11 & no & yes & yes & none & yes & secretary & no & no & yes & trade \\ 
  2782 & Tanisha & female & afam & low & 0.00 & chicago &   3 &   4 & no & yes & yes & none & no & retail sales & no & no & no & business/personal services \\ 
  2808 & Tanisha & female & afam & high & 0.00 & chicago &   2 &   5 & no & no & yes & none & no & retail sales & no & no & no & trade \\ 
  2836 & Tanisha & female & afam & low & 0.00 & chicago &   4 &   6 & yes & yes & yes & 2 & no & secretary & yes & no & yes & health/education/social services \\ 
  2872 & Tanisha & female & afam & high & 0.00 & chicago &   4 &  11 & no & yes & yes & 10 & no & supervisor & yes & no & yes & business/personal services \\ 
  2880 & Tanisha & female & afam & high & 0.00 & chicago &   3 &   7 & no & yes & no & 6 & yes & secretary & yes & no & yes & manufacturing \\ 
  2892 & Tanisha & female & afam & high & 0.00 & chicago &   3 &   7 & no & yes & yes & some & yes & manager & yes & yes & yes & trade \\ 
  2898 & Tanisha & female & afam & high & 0.00 & chicago &   3 &   3 & no & yes & no & none & yes & secretary & no & no & yes & manufacturing \\ 
  2902 & Tanisha & female & afam & high & 0.00 & chicago &   4 &   8 & no & yes & yes & 3 & yes & supervisor & yes & no & yes & health/education/social services \\ 
  2907 & Tanisha & female & afam & high & 0.00 & chicago &   3 &  16 & no & yes & no & none & no & secretary & no & no & yes & health/education/social services \\ 
  2916 & Tanisha & female & afam & low & 0.00 & chicago &   3 &   4 & no & no & yes & none & no & manager & no & no & no & trade \\ 
  2946 & Tanisha & female & afam & high & 0.00 & chicago &   3 &   6 & no & yes & yes & none & no & secretary & no & no & yes & business/personal services \\ 
  3017 & Tanisha & female & afam & high & 0.00 & boston &   6 &   8 & no & yes & yes & none & no & retail sales & no & no & no & unknown \\ 
  3022 & Tanisha & female & afam & low & 0.00 & boston &   3 &   7 & yes & yes & no & none & no & office support & no & no & no & health/education/social services \\ 
  3030 & Tanisha & female & afam & low & 0.00 & boston &   3 &   7 & yes & yes & no & some & no & secretary & yes & no & no & health/education/social services \\ 
  3034 & Tanisha & female & afam & low & 0.00 & boston &   5 &   4 & yes & yes & no & none & no & secretary & no & no & no & unknown \\ 
  3050 & Tanisha & female & afam & low & 0.00 & chicago &   2 &   6 & no & yes & yes & none & no & office support & no & no & yes & unknown \\ 
  3074 & Tanisha & female & afam & low & 0.00 & boston &   5 &   5 & yes & no & no & none & no & secretary & no & no & yes & business/personal services \\ 
  3094 & Tanisha & female & afam & low & 0.00 & boston &   4 &  11 & yes & yes & yes & some & no & secretary & yes & no & yes & business/personal services \\ 
  3119 & Tanisha & female & afam & low & 0.00 & boston &   4 &   8 & no & no & yes & none & no & other & no & no & no & transport/communication \\ 
  3177 & Tanisha & female & afam & low & 0.00 & boston &   3 &   7 & yes & no & yes & some & no & retail sales & yes & no & no & trade \\ 
  3234 & Tanisha & female & afam & high & 0.00 & boston &   2 &  10 & yes & yes & yes & 1 & yes & retail sales & yes & no & no & business/personal services \\ 
  3274 & Tanisha & female & afam & low & 0.00 & chicago &   2 &   4 & yes & yes & no & none & no & secretary & no & no & yes & finance/insurance/real estate \\ 
  3292 & Tanisha & female & afam & high & 0.00 & chicago &   4 &   7 & yes & yes & no & none & no & secretary & no & yes & no & business/personal services \\ 
  3298 & Tanisha & female & afam & high & 0.00 & chicago &   4 &   8 & no & yes & yes & none & no & other & no & no & no & finance/insurance/real estate \\ 
  3320 & Tanisha & female & afam & high & 0.00 & chicago &   3 &   8 & no & yes & yes & none & no & secretary & no & no & yes & health/education/social services \\ 
  3334 & Tanisha & female & afam & high & 0.00 & chicago &   3 &   6 & no & yes & yes & 3 & yes & secretary & yes & no & yes & trade \\ 
  3370 & Tanisha & female & afam & high & 0.00 & chicago &   4 &   5 & yes & yes & yes & 3 & yes & secretary & yes & no & yes & trade \\ 
  3392 & Tanisha & female & afam & low & 0.00 & chicago &   2 &   5 & no & no & no & some & no & secretary & yes & yes & yes & health/education/social services \\ 
  3413 & Tanisha & female & afam & low & 0.00 & chicago &   2 &   4 & yes & yes & yes & 2 & yes & secretary & yes & no & yes & trade \\ 
  3464 & Tanisha & female & afam & low & 0.00 & boston &   2 &  10 & yes & yes & yes & 1 & no & manager & yes & no & no & transport/communication \\ 
  3481 & Tanisha & female & afam & low & 0.00 & boston &   3 &   7 & yes & no & yes & 10 & no & retail sales & yes & no & no & trade \\ 
  3566 & Tanisha & female & afam & low & 0.00 & boston &   4 &   6 & no & yes & yes & none & no & other & no & no & no & trade \\ 
  3602 & Tanisha & female & afam & high & 0.00 & boston &   3 &   7 & yes & yes & yes & 2 & no & secretary & yes & no & yes & business/personal services \\ 
  3610 & Tanisha & female & afam & low & 0.00 & boston &   3 &   7 & yes & no & yes & none & yes & retail sales & no & no & no & trade \\ 
  3621 & Tanisha & female & afam & low & 0.00 & boston &   3 &   7 & yes & no & yes & none & no & retail sales & no & no & no & trade \\ 
  3622 & Tanisha & female & afam & high & 0.00 & boston &   4 &   2 & no & yes & yes & some & yes & retail sales & yes & no & no & trade \\ 
  3644 & Tanisha & female & afam & high & 0.00 & chicago &   3 &   5 & no & yes & yes & none & no & office support & no & no & yes & finance/insurance/real estate \\ 
  3674 & Tanisha & female & afam & low & 0.00 & chicago &   4 &   6 & no & yes & yes & none & no & supervisor & no & yes & yes & unknown \\ 
  3678 & Tanisha & female & afam & low & 0.00 & chicago &   3 &   4 & yes & yes & yes & none & no & secretary & no & yes & yes & business/personal services \\ 
  3720 & Tanisha & female & afam & high & 0.00 & chicago &   4 &  11 & no & yes & yes & none & yes & office support & no & no & yes & manufacturing \\ 
  3734 & Tanisha & female & afam & low & 0.00 & chicago &   4 &   6 & yes & yes & yes & some & no & secretary & yes & no & yes & business/personal services \\ 
  3764 & Tanisha & female & afam & high & 0.00 & chicago &   4 &   5 & no & yes & yes & none & yes & secretary & no & no & yes & trade \\ 
  3770 & Tanisha & female & afam & high & 0.00 & chicago &   3 &   3 & no & yes & no & some & no & supervisor & yes & no & yes & finance/insurance/real estate \\ 
  3786 & Tanisha & female & afam & low & 0.00 & chicago &   2 &   4 & no & no & yes & none & no & retail sales & no & no & no & trade \\ 
  3790 & Tanisha & female & afam & low & 0.00 & chicago &   4 &   6 & no & yes & no & none & yes & office support & no & no & no & manufacturing \\ 
  3831 & Tanisha & female & afam & low & 0.00 & boston &   4 &   6 & no & yes & yes & none & yes & retail sales & no & yes & no & business/personal services \\ 
  3858 & Tanisha & female & afam & high & 0.00 & boston &   6 &   8 & no & yes & yes & none & no & retail sales & no & no & no & unknown \\ 
  3884 & Tanisha & female & afam & low & 0.00 & boston &   4 &   6 & no & yes & yes & some & yes & other & yes & yes & no & finance/insurance/real estate \\ 
  3948 & Tanisha & female & afam & high & 0.00 & chicago &   3 &   5 & no & yes & no & none & yes & secretary & no & no & yes & business/personal services \\ 
  3960 & Tanisha & female & afam & high & 0.00 & chicago &   3 &   7 & yes & yes & yes & none & no & secretary & no & no & yes & trade \\ 
  3978 & Tanisha & female & afam & high & 0.00 & chicago &   3 &   3 & no & yes & yes & none & yes & retail sales & no & no & no & transport/communication \\ 
  3994 & Tanisha & female & afam & low & 0.00 & chicago &   3 &   3 & yes & yes & yes & some & no & manager & yes & no & no & business/personal services \\ 
  4014 & Tanisha & female & afam & high & 0.00 & chicago &   4 &   7 & no & yes & yes & none & yes & secretary & no & yes & yes & health/education/social services \\ 
  4018 & Tanisha & female & afam & low & 0.00 & chicago &   2 &   6 & no & yes & yes & some & yes & secretary & yes & yes & yes & health/education/social services \\ 
  4024 & Tanisha & female & afam & high & 0.00 & chicago &   3 &  15 & no & yes & no & none & yes & secretary & no & no & yes & finance/insurance/real estate \\ 
  4040 & Tanisha & female & afam & low & 0.00 & chicago &   3 &   8 & yes & yes & no & some & no & secretary & yes & no & no & finance/insurance/real estate \\ 
  4055 & Tanisha & female & afam & high & 0.00 & chicago &   3 &   2 & no & yes & yes & 3 & no & retail sales & yes & no & no & trade \\ 
  4078 & Tanisha & female & afam & high & 0.00 & chicago &   3 &   8 & yes & yes & yes & 3 & no & supervisor & yes & no & no & health/education/social services \\ 
  4134 & Tanisha & female & afam & high & 0.00 & boston &   5 &  18 & yes & no & no & none & no & office support & no & no & yes & business/personal services \\ 
  4169 & Tanisha & female & afam & high & 1.00 & boston &   4 &   2 & no & yes & yes & some & no & retail sales & yes & no & yes & trade \\ 
  4188 & Tanisha & female & afam & high & 0.00 & chicago &   3 &   4 & no & yes & no & 3 & no & secretary & yes & no & no & health/education/social services \\ 
  4201 & Tanisha & female & afam & low & 0.00 & chicago &   3 &   6 & yes & yes & yes & 3 & yes & secretary & yes & no & yes & unknown \\ 
  4206 & Tanisha & female & afam & high & 0.00 & chicago &   3 &  13 & no & yes & no & none & yes & secretary & no & no & yes & business/personal services \\ 
  4258 & Tanisha & female & afam & high & 0.00 & chicago &   3 &   5 & no & yes & no & none & no & manager & no & no & no & trade \\ 
  4282 & Tanisha & female & afam & low & 0.00 & chicago &   4 &   5 & no & yes & no & none & yes & secretary & no & no & yes & health/education/social services \\ 
  4306 & Tanisha & female & afam & high & 0.00 & chicago &   3 &   5 & no & yes & no & none & no & secretary & no & no & yes & finance/insurance/real estate \\ 
  4326 & Tanisha & female & afam & high & 0.00 & chicago &   4 &   9 & yes & yes & yes & 0.5 & yes & office support & yes & yes & yes & health/education/social services \\ 
  4336 & Tanisha & female & afam & low & 1.00 & chicago &   5 &   8 & yes & yes & yes & none & no & office support & no & no & no & health/education/social services \\ 
  4372 & Tanisha & female & afam & low & 0.00 & boston &   4 &   6 & no & yes & yes & none & yes & retail sales & no & no & no & manufacturing \\ 
  4376 & Tanisha & female & afam & high & 0.00 & boston &   5 &  26 & yes & yes & no & none & no & secretary & no & no & yes & unknown \\ 
  4404 & Tanisha & female & afam & high & 1.00 & boston &   6 &  18 & no & yes & yes & 2 & yes & manager & yes & no & no & business/personal services \\ 
  4422 & Tanisha & female & afam & high & 0.00 & chicago &   3 &   7 & no & yes & yes & 5 & yes & secretary & yes & yes & yes & health/education/social services \\ 
  4468 & Tanisha & female & afam & high & 0.00 & chicago &   5 &   7 & yes & yes & yes & none & no & secretary & no & no & no & unknown \\ 
  4480 & Tanisha & female & afam & low & 0.00 & boston &   2 &   2 & yes & no & no & none & no & supervisor & no & no & yes & finance/insurance/real estate \\ 
  4492 & Tanisha & female & afam & high & 0.00 & chicago &   4 &   7 & no & yes & yes & 1 & yes & other & yes & no & yes & unknown \\ 
  4506 & Tanisha & female & afam & high & 0.00 & chicago &   5 &   8 & yes & yes & yes & some & yes & office support & yes & no & yes & business/personal services \\ 
  4510 & Tanisha & female & afam & low & 0.00 & chicago &   4 &   5 & no & yes & no & none & yes & secretary & no & no & yes & health/education/social services \\ 
  4520 & Tanisha & female & afam & low & 0.00 & chicago &   4 &   6 & no & yes & no & none & no & secretary & no & no & yes & manufacturing \\ 
  4530 & Tanisha & female & afam & low & 0.00 & chicago &   4 &   6 & yes & yes & yes & 2 & yes & secretary & yes & no & yes & unknown \\ 
  4558 & Tanisha & female & afam & low & 0.00 & chicago &   4 &   4 & yes & yes & no & none & no & retail sales & no & no & no & finance/insurance/real estate \\ 
  4591 & Tanisha & female & afam & low & 0.00 & boston &   4 &   6 & no & yes & yes & some & no & other & yes & no & no & finance/insurance/real estate \\ 
  4622 & Tanisha & female & afam & low & 0.00 & boston &   5 &   5 & yes & no & no & none & no & office support & no & no & no & health/education/social services \\ 
  4689 & Tanisha & female & afam & low & 0.00 & chicago &   4 &   5 & yes & yes & yes & none & no & supervisor & no & no & no & transport/communication \\ 
  4754 & Tanisha & female & afam & low & 0.00 & chicago &   3 &   5 & no & yes & no & some & no & secretary & yes & no & yes & trade \\ 
  4772 & Tanisha & female & afam & low & 0.00 & chicago &   3 &   3 & yes & yes & no & 10 & no & supervisor & yes & no & yes & business/personal services \\ 
  4819 & Tanisha & female & afam & high & 0.00 & boston &   6 &   8 & no & yes & yes & 3 & yes & other & yes & yes & no & manufacturing \\ 
  4854 & Tanisha & female & afam & high & 0.00 & boston &   7 &  18 & yes & yes & no & none & no & supervisor & no & no & no & business/personal services \\ 
   \hline
\end{tabular}
\caption{Resumes under one name are randomized} 
\label{tab:SampleData}
\end{table}

Call:
glm(formula = name ~ gender + ethnicity + quality + city + jobs + 
    experience + holes + computer + college + minimum + equal + 
    wanted + reqexp + reqeduc + reqcomp + industry, family = "binomial", 
    data = ResumeNames)

Deviance Residuals: 
     Min        1Q    Median        3Q       Max  
-2.58797   0.00003   0.00004   0.37640   0.87166  

Coefficients:
                                           Estimate Std. Error z value Pr(>|z|)
(Intercept)                               2.190e+01  1.879e+04   0.001   0.9991
gendermale                                1.844e+01  7.753e+02   0.024   0.9810
ethnicitycauc                             1.895e+01  5.591e+02   0.034   0.9730
qualitylow                               -2.612e-01  1.717e-01  -1.521   0.1282
citychicago                              -5.233e-01  2.177e-01  -2.403   0.0163
jobs                                     -1.293e-01  8.175e-02  -1.582   0.1137
experience                                4.655e-02  2.027e-02   2.296   0.0217
holesyes                                 -2.709e-01  1.721e-01  -1.574   0.1154
computeryes                              -3.478e-01  2.819e-01  -1.234   0.2173
collegeyes                                1.316e-01  1.829e-01   0.720   0.4718
minimum0.5                                1.825e+01  1.641e+04   0.001   0.9991
minimum1                                 -9.130e-01  1.387e+04   0.000   0.9999
minimum10                                -1.449e+00  1.387e+04   0.000   0.9999
minimum2                                  2.769e-01  1.387e+04   0.000   1.0000
minimum3                                 -1.899e-01  1.387e+04   0.000   1.0000
minimum4                                  1.826e+01  1.665e+04   0.001   0.9991
minimum5                                 -5.098e-01  1.387e+04   0.000   1.0000
minimum6                                 -1.473e+00  1.387e+04   0.000   0.9999
minimum7                                 -9.603e-01  1.387e+04   0.000   0.9999
minimum8                                  1.801e+01  1.617e+04   0.001   0.9991
minimumnone                              -1.900e+01  1.879e+04  -0.001   0.9992
minimumsome                              -3.370e-01  1.387e+04   0.000   1.0000
equalyes                                 -2.827e-01  1.861e-01  -1.519   0.1288
wantedoffice support                      7.021e-01  3.459e-01   2.029   0.0424
wantedother                               5.941e-02  3.422e-01   0.174   0.8622
wantedretail sales                        1.199e-01  3.278e-01   0.366   0.7145
wantedsecretary                           3.236e-01  2.767e-01   1.170   0.2422
wantedsupervisor                          5.685e-01  3.670e-01   1.549   0.1214
reqexpyes                                -1.875e+01  1.267e+04  -0.001   0.9988
reqeducyes                               -1.960e-01  2.511e-01  -0.781   0.4349
reqcompyes                                2.282e-01  1.973e-01   1.156   0.2475
industryfinance/insurance/real estate     8.737e-02  3.028e-01   0.289   0.7729
industryhealth/education/social services  7.642e-02  2.498e-01   0.306   0.7597
industrymanufacturing                    -4.810e-02  3.165e-01  -0.152   0.8792
industrytrade                             9.746e-02  2.629e-01   0.371   0.7109
industrytransport/communication          -4.891e-01  4.538e-01  -1.078   0.2810
industryunknown                          -1.905e-02  2.525e-01  -0.075   0.9399
                                          
(Intercept)                               
gendermale                                
ethnicitycauc                             
qualitylow                                
citychicago                              *
jobs                                      
experience                               *
holesyes                                  
computeryes                               
collegeyes                                
minimum0.5                                
minimum1                                  
minimum10                                 
minimum2                                  
minimum3                                  
minimum4                                  
minimum5                                  
minimum6                                  
minimum7                                  
minimum8                                  
minimumnone                               
minimumsome                               
equalyes                                  
wantedoffice support                     *
wantedother                               
wantedretail sales                        
wantedsecretary                           
wantedsupervisor                          
reqexpyes                                 
reqeducyes                                
reqcompyes                                
industryfinance/insurance/real estate     
industryhealth/education/social services  
industrymanufacturing                     
industrytrade                             
industrytransport/communication           
industryunknown                           
---
Signif. codes:  0 '***' 0.001 '**' 0.01 '*' 0.05 '.' 0.1 ' ' 1

(Dispersion parameter for binomial family taken to be 1)

    Null deviance: 1540.5  on 4869  degrees of freedom
Residual deviance: 1147.2  on 4833  degrees of freedom
AIC: 1221.2

Number of Fisher Scoring iterations: 20

% latex table generated in R 3.6.1 by xtable 1.8-4 package
% Sat Dec 05 18:24:26 2020
\begin{table}[ht]
\centering
\begin{tabular}{rrrrr}
  \hline
 & Estimate & Std. Error & z value & Pr($>$$|$z$|$) \\ 
  \hline
(Intercept) & 21.90 & 18789.26 & 0.00 & 1.00 \\ 
  gendermale & 18.44 & 775.34 & 0.02 & 0.98 \\ 
  ethnicitycauc & 18.95 & 559.15 & 0.03 & 0.97 \\ 
  qualitylow & -0.26 & 0.17 & -1.52 & 0.13 \\ 
  citychicago & -0.52 & 0.22 & -2.40 & 0.02 \\ 
  jobs & -0.13 & 0.08 & -1.58 & 0.11 \\ 
  experience & 0.05 & 0.02 & 2.30 & 0.02 \\ 
  holesyes & -0.27 & 0.17 & -1.57 & 0.12 \\ 
  computeryes & -0.35 & 0.28 & -1.23 & 0.22 \\ 
  collegeyes & 0.13 & 0.18 & 0.72 & 0.47 \\ 
  minimum0.5 & 18.25 & 16406.28 & 0.00 & 1.00 \\ 
  minimum1 & -0.91 & 13871.32 & -0.00 & 1.00 \\ 
  minimum10 & -1.45 & 13871.32 & -0.00 & 1.00 \\ 
  minimum2 & 0.28 & 13871.32 & 0.00 & 1.00 \\ 
  minimum3 & -0.19 & 13871.32 & -0.00 & 1.00 \\ 
  minimum4 & 18.26 & 16646.17 & 0.00 & 1.00 \\ 
  minimum5 & -0.51 & 13871.32 & -0.00 & 1.00 \\ 
  minimum6 & -1.47 & 13871.32 & -0.00 & 1.00 \\ 
  minimum7 & -0.96 & 13871.32 & -0.00 & 1.00 \\ 
  minimum8 & 18.01 & 16172.90 & 0.00 & 1.00 \\ 
  minimumnone & -19.00 & 18789.26 & -0.00 & 1.00 \\ 
  minimumsome & -0.34 & 13871.32 & -0.00 & 1.00 \\ 
  equalyes & -0.28 & 0.19 & -1.52 & 0.13 \\ 
  wantedoffice support & 0.70 & 0.35 & 2.03 & 0.04 \\ 
  wantedother & 0.06 & 0.34 & 0.17 & 0.86 \\ 
  wantedretail sales & 0.12 & 0.33 & 0.37 & 0.71 \\ 
  wantedsecretary & 0.32 & 0.28 & 1.17 & 0.24 \\ 
  wantedsupervisor & 0.57 & 0.37 & 1.55 & 0.12 \\ 
  reqexpyes & -18.75 & 12673.71 & -0.00 & 1.00 \\ 
  reqeducyes & -0.20 & 0.25 & -0.78 & 0.43 \\ 
  reqcompyes & 0.23 & 0.20 & 1.16 & 0.25 \\ 
  industryfinance/insurance/real estate & 0.09 & 0.30 & 0.29 & 0.77 \\ 
  industryhealth/education/social services & 0.08 & 0.25 & 0.31 & 0.76 \\ 
  industrymanufacturing & -0.05 & 0.32 & -0.15 & 0.88 \\ 
  industrytrade & 0.10 & 0.26 & 0.37 & 0.71 \\ 
  industrytransport/communication & -0.49 & 0.45 & -1.08 & 0.28 \\ 
  industryunknown & -0.02 & 0.25 & -0.08 & 0.94 \\ 
   \hline
\end{tabular}
\caption{Logistic Regression Model Summary} 
\label{tab:Model_Summary}
\end{table}
